<?xml version="1.0" encoding="UTF-8"?>
<!-- Generated by org.testng.reporters.JUnitReportReporter -->
<testsuite skipped="0" hostname="Fargabs-MacBook-Pro.local" name="testPackage.HomePageTest" tests="1" failures="0" timestamp="21 Sep 2022 03:24:37 GMT" time="8.271" errors="0">
  <testcase name="clickSearchFieldTest" time="8.271" classname="testPackage.HomePageTest"/>
</testsuite> <!-- testPackage.HomePageTest -->
