<?xml version="1.0" encoding="UTF-8"?>
<!-- Generated by org.testng.reporters.JUnitReportReporter -->
<testsuite hostname="Fargabs-MacBook-Pro.local" failures="0" tests="1" name="BaseUtil02.BaseClass" time="20.548" errors="0" timestamp="2022-09-19T22:32:02 EDT" skipped="0">
  <testcase classname="BaseUtil02.BaseClass" name="setup" time="20.548"/>
  <system-out/>
</testsuite> <!-- BaseUtil02.BaseClass -->
